<?xml version="1.0" encoding="UTF-8"?>
<!-- Generated by org.testng.reporters.JUnitReportReporter -->
<testsuite skipped="0" hostname="DESKTOP-9P1MDVM" name="com.newConcepts.GeoLocation" tests="1" failures="0" timestamp="15 Sep 2020 10:12:31 GMT" time="43.206" errors="0">
  <testcase name="geolocation" time="43.206" classname="com.newConcepts.GeoLocation"/>
</testsuite> <!-- com.newConcepts.GeoLocation -->
