<?xml version="1.0" encoding="UTF-8"?>
<!-- Generated by org.testng.reporters.JUnitReportReporter -->
<testsuite skipped="0" hostname="DESKTOP-9P1MDVM" name="com.newConcepts.FirefoxHeadless" tests="1" failures="0" timestamp="15 Sep 2020 12:21:30 GMT" time="54.891" errors="0">
  <testcase name="firefoxheadless" time="54.891" classname="com.newConcepts.FirefoxHeadless"/>
</testsuite> <!-- com.newConcepts.FirefoxHeadless -->
