<?xml version="1.0" encoding="UTF-8"?>
<!-- Generated by org.testng.reporters.JUnitReportReporter -->
<testsuite skipped="0" hostname="DESKTOP-9P1MDVM" name="com.newConcepts.GetRect" tests="1" failures="0" timestamp="15 Sep 2020 10:33:12 GMT" time="39.636" errors="0">
  <testcase name="getrect" time="39.636" classname="com.newConcepts.GetRect"/>
</testsuite> <!-- com.newConcepts.GetRect -->
