<?xml version="1.0" encoding="UTF-8"?>
<!-- Generated by org.testng.reporters.JUnitReportReporter -->
<testsuite skipped="0" hostname="DESKTOP-9P1MDVM" name="com.newConcepts.SpecialLocators" tests="1" failures="0" timestamp="14 Sep 2020 19:56:44 GMT" time="19.149" errors="0">
  <testcase name="spllocator" time="19.149" classname="com.newConcepts.SpecialLocators"/>
</testsuite> <!-- com.newConcepts.SpecialLocators -->
