<?xml version="1.0" encoding="UTF-8"?>
<!-- Generated by org.testng.reporters.JUnitReportReporter -->
<testsuite skipped="0" hostname="DESKTOP-9P1MDVM" name="com.newConcepts.BootStrapDroupdown" tests="1" failures="0" timestamp="15 Sep 2020 12:52:27 GMT" time="49.793" errors="0">
  <testcase name="bootstrapdroupdown" time="49.793" classname="com.newConcepts.BootStrapDroupdown"/>
</testsuite> <!-- com.newConcepts.BootStrapDroupdown -->
