<?xml version="1.0" encoding="UTF-8"?>
<!-- Generated by org.testng.reporters.JUnitReportReporter -->
<testsuite skipped="0" hostname="DESKTOP-9P1MDVM" name="com.newConcepts.ReadProperties" tests="1" failures="0" timestamp="23 Sep 2020 18:05:13 GMT" time="160.990" errors="0">
  <testcase name="readproperties" time="160.990" classname="com.newConcepts.ReadProperties"/>
</testsuite> <!-- com.newConcepts.ReadProperties -->
