<?xml version="1.0" encoding="UTF-8"?>
<!-- Generated by org.testng.reporters.JUnitReportReporter -->
<testsuite skipped="0" hostname="DESKTOP-9P1MDVM" name="com.newConcepts.CharactorSequence" tests="1" failures="0" timestamp="14 Sep 2020 19:50:01 GMT" time="28.696" errors="0">
  <testcase name="chractorseq" time="28.696" classname="com.newConcepts.CharactorSequence"/>
</testsuite> <!-- com.newConcepts.CharactorSequence -->
