<?xml version="1.0" encoding="UTF-8"?>
<!-- Generated by org.testng.reporters.JUnitReportReporter -->
<testsuite skipped="0" hostname="DESKTOP-9P1MDVM" name="com.newConcepts.NewTabWindows" tests="1" failures="0" timestamp="14 Sep 2020 20:21:30 GMT" time="28.022" errors="0">
  <testcase name="tabwindow" time="28.022" classname="com.newConcepts.NewTabWindows"/>
</testsuite> <!-- com.newConcepts.NewTabWindows -->
