<?xml version="1.0" encoding="UTF-8"?>
<!-- Generated by org.testng.reporters.JUnitReportReporter -->
<testsuite skipped="0" hostname="DESKTOP-9P1MDVM" name="com.newConcepts.ChromeHeadless" tests="1" failures="0" timestamp="15 Sep 2020 11:28:18 GMT" time="46.681" errors="0">
  <testcase name="hesdless" time="46.681" classname="com.newConcepts.ChromeHeadless"/>
</testsuite> <!-- com.newConcepts.ChromeHeadless -->
