<?xml version="1.0" encoding="UTF-8"?>
<!-- Generated by org.testng.reporters.JUnitReportReporter -->
<testsuite skipped="0" hostname="DESKTOP-9P1MDVM" name="com.newConcepts.VerifyErrorMassage" tests="1" failures="0" timestamp="14 Sep 2020 13:19:00 GMT" time="25.040" errors="0">
  <testcase name="errormassage" time="25.040" classname="com.newConcepts.VerifyErrorMassage"/>
</testsuite> <!-- com.newConcepts.VerifyErrorMassage -->
