<?xml version="1.0" encoding="UTF-8"?>
<!-- Generated by org.testng.reporters.JUnitReportReporter -->
<testsuite skipped="0" hostname="DESKTOP-9P1MDVM" name="com.newConcepts.HandalingWebtable" tests="1" failures="0" timestamp="23 Sep 2020 19:41:35 GMT" time="14.945" errors="0">
  <testcase name="webtable" time="14.945" classname="com.newConcepts.HandalingWebtable"/>
</testsuite> <!-- com.newConcepts.HandalingWebtable -->
